This is pdfTeX, Version 3.14159265-2.6-1.40.21 (MiKTeX 20.11) (preloaded format=pdflatex 2020.11.22)  25 NOV 2020 14:21
entering extended mode
**./Week10.tex
(Week10.tex
LaTeX2e <2020-10-01> patch level 2
L3 programming layer <2020-10-27> xparse <2020-03-03>
(C:\Users\keerthik.DESKTOP-SSRRBVR\AppData\Local\Programs\MiKTeX\tex/latex/base
\article.cls
Document Class: article 2020/04/10 v1.4m Standard LaTeX document class

(C:\Users\keerthik.DESKTOP-SSRRBVR\AppData\Local\Programs\MiKTeX\tex/latex/base
\size10.clo
File: size10.clo 2020/04/10 v1.4m Standard LaTeX file (size option)
)
\c@part=\count175
\c@section=\count176
\c@subsection=\count177
\c@subsubsection=\count178
\c@paragraph=\count179
\c@subparagraph=\count180
\c@figure=\count181
\c@table=\count182
\abovecaptionskip=\skip47
\belowcaptionskip=\skip48
\bibindent=\dimen138
)
(C:\Users\keerthik.DESKTOP-SSRRBVR\AppData\Local\Programs\MiKTeX\tex/generic/ba
bel\babel.sty
Package: babel 2020/10/27 3.51 The Babel package

(C:\Users\keerthik.DESKTOP-SSRRBVR\AppData\Local\Programs\MiKTeX\tex/generic/ba
bel\babel.def
File: babel.def 2020/10/27 3.51 Babel common definitions
\babel@savecnt=\count183
\U@D=\dimen139
\l@babelnohyphens=\language79

(C:\Users\keerthik.DESKTOP-SSRRBVR\AppData\Local\Programs\MiKTeX\tex/generic/ba
bel\txtbabel.def)
\bbl@readstream=\read2
)
\bbl@dirlevel=\count184

*************************************
* Local config file bblopts.cfg used
*

(C:\Users\keerthik.DESKTOP-SSRRBVR\AppData\Local\Programs\MiKTeX\tex/latex/arab
i\bblopts.cfg
File: bblopts.cfg 2005/09/08 v0.1 add Arabic and Farsi to "declared" options of
 babel
)
(C:\Users\keerthik.DESKTOP-SSRRBVR\AppData\Local\Programs\MiKTeX\tex/latex/babe
l-english\english.ldf
Language: english 2017/06/06 v3.3r English support from the babel system
Package babel Info: \l@canadian = using hyphenrules for english
(babel)             (\language0) on input line 102.
Package babel Info: \l@australian = using hyphenrules for ukenglish
(babel)             (\language73) on input line 105.
Package babel Info: \l@newzealand = using hyphenrules for ukenglish
(babel)             (\language73) on input line 108.
))
(C:\Users\keerthik.DESKTOP-SSRRBVR\AppData\Local\Programs\MiKTeX\tex/latex/base
\inputenc.sty
Package: inputenc 2020/08/01 v1.3d Input encoding file
\inpenc@prehook=\toks15
\inpenc@posthook=\toks16
)
(C:\Users\keerthik.DESKTOP-SSRRBVR\AppData\Local\Programs\MiKTeX\tex/latex/fanc
yhdr\fancyhdr.sty
Package: fancyhdr 2019/01/31 v3.10 Extensive control of page headers and footer
s
\f@nch@headwidth=\skip49
\f@nch@O@elh=\skip50
\f@nch@O@erh=\skip51
\f@nch@O@olh=\skip52
\f@nch@O@orh=\skip53
\f@nch@O@elf=\skip54
\f@nch@O@erf=\skip55
\f@nch@O@olf=\skip56
\f@nch@O@orf=\skip57
)
(C:\Users\keerthik.DESKTOP-SSRRBVR\AppData\Local\Programs\MiKTeX\tex/latex/geom
etry\geometry.sty
Package: geometry 2020/01/02 v5.9 Page Geometry

(C:\Users\keerthik.DESKTOP-SSRRBVR\AppData\Local\Programs\MiKTeX\tex/latex/grap
hics\keyval.sty
Package: keyval 2014/10/28 v1.15 key=value parser (DPC)
\KV@toks@=\toks17
)
(C:\Users\keerthik.DESKTOP-SSRRBVR\AppData\Local\Programs\MiKTeX\tex/generic/if
tex\ifvtex.sty
Package: ifvtex 2019/10/25 v1.7 ifvtex legacy package. Use iftex instead.

(C:\Users\keerthik.DESKTOP-SSRRBVR\AppData\Local\Programs\MiKTeX\tex/generic/if
tex\iftex.sty
Package: iftex 2020/03/06 v1.0d TeX engine tests
))
\Gm@cnth=\count185
\Gm@cntv=\count186
\c@Gm@tempcnt=\count187
\Gm@bindingoffset=\dimen140
\Gm@wd@mp=\dimen141
\Gm@odd@mp=\dimen142
\Gm@even@mp=\dimen143
\Gm@layoutwidth=\dimen144
\Gm@layoutheight=\dimen145
\Gm@layouthoffset=\dimen146
\Gm@layoutvoffset=\dimen147
\Gm@dimlist=\toks18

(C:\Users\keerthik.DESKTOP-SSRRBVR\AppData\Local\Programs\MiKTeX\tex/latex/geom
etry\geometry.cfg))
(C:\Users\keerthik.DESKTOP-SSRRBVR\AppData\Local\Programs\MiKTeX\tex/latex/enum
item\enumitem.sty
Package: enumitem 2019/06/20 v3.9 Customized lists
\labelindent=\skip58
\enit@outerparindent=\dimen148
\enit@toks=\toks19
\enit@inbox=\box47
\enit@count@id=\count188
\enitdp@description=\count189
)
(C:\Users\keerthik.DESKTOP-SSRRBVR\AppData\Local\Programs\MiKTeX\tex/latex/amsm
ath\amsmath.sty
Package: amsmath 2020/09/23 v2.17i AMS math features
\@mathmargin=\skip59

For additional information on amsmath, use the `?' option.

(C:\Users\keerthik.DESKTOP-SSRRBVR\AppData\Local\Programs\MiKTeX\tex/latex/amsm
ath\amstext.sty
Package: amstext 2000/06/29 v2.01 AMS text

(C:\Users\keerthik.DESKTOP-SSRRBVR\AppData\Local\Programs\MiKTeX\tex/latex/amsm
ath\amsgen.sty
File: amsgen.sty 1999/11/30 v2.0 generic functions
\@emptytoks=\toks20
\ex@=\dimen149
))
(C:\Users\keerthik.DESKTOP-SSRRBVR\AppData\Local\Programs\MiKTeX\tex/latex/amsm
ath\amsbsy.sty
Package: amsbsy 1999/11/29 v1.2d Bold Symbols
\pmbraise@=\dimen150
)
(C:\Users\keerthik.DESKTOP-SSRRBVR\AppData\Local\Programs\MiKTeX\tex/latex/amsm
ath\amsopn.sty
Package: amsopn 2016/03/08 v2.02 operator names
)
\inf@bad=\count190
LaTeX Info: Redefining \frac on input line 234.
\uproot@=\count191
\leftroot@=\count192
LaTeX Info: Redefining \overline on input line 399.
\classnum@=\count193
\DOTSCASE@=\count194
LaTeX Info: Redefining \ldots on input line 496.
LaTeX Info: Redefining \dots on input line 499.
LaTeX Info: Redefining \cdots on input line 620.
\Mathstrutbox@=\box48
\strutbox@=\box49
\big@size=\dimen151
LaTeX Font Info:    Redeclaring font encoding OML on input line 743.
LaTeX Font Info:    Redeclaring font encoding OMS on input line 744.
\macc@depth=\count195
\c@MaxMatrixCols=\count196
\dotsspace@=\muskip16
\c@parentequation=\count197
\dspbrk@lvl=\count198
\tag@help=\toks21
\row@=\count199
\column@=\count266
\maxfields@=\count267
\andhelp@=\toks22
\eqnshift@=\dimen152
\alignsep@=\dimen153
\tagshift@=\dimen154
\tagwidth@=\dimen155
\totwidth@=\dimen156
\lineht@=\dimen157
\@envbody=\toks23
\multlinegap=\skip60
\multlinetaggap=\skip61
\mathdisplay@stack=\toks24
LaTeX Info: Redefining \[ on input line 2923.
LaTeX Info: Redefining \] on input line 2924.
)
(C:\Users\keerthik.DESKTOP-SSRRBVR\AppData\Local\Programs\MiKTeX\tex/latex/grap
hics\graphicx.sty
Package: graphicx 2020/09/09 v1.2b Enhanced LaTeX Graphics (DPC,SPQR)

(C:\Users\keerthik.DESKTOP-SSRRBVR\AppData\Local\Programs\MiKTeX\tex/latex/grap
hics\graphics.sty
Package: graphics 2020/08/30 v1.4c Standard LaTeX Graphics (DPC,SPQR)

(C:\Users\keerthik.DESKTOP-SSRRBVR\AppData\Local\Programs\MiKTeX\tex/latex/grap
hics\trig.sty
Package: trig 2016/01/03 v1.10 sin cos tan (DPC)
)
(C:\Users\keerthik.DESKTOP-SSRRBVR\AppData\Local\Programs\MiKTeX\tex/latex/grap
hics-cfg\graphics.cfg
File: graphics.cfg 2016/06/04 v1.11 sample graphics configuration
)
Package graphics Info: Driver file: pdftex.def on input line 105.

(C:\Users\keerthik.DESKTOP-SSRRBVR\AppData\Local\Programs\MiKTeX\tex/latex/grap
hics-def\pdftex.def
File: pdftex.def 2020/10/05 v1.2a Graphics/color driver for pdftex
))
\Gin@req@height=\dimen158
\Gin@req@width=\dimen159
)
(C:\Users\keerthik.DESKTOP-SSRRBVR\AppData\Local\Programs\MiKTeX\tex/latex/esdi
ff\esdiff.sty
Package: esdiff 
)
(C:\Users\keerthik.DESKTOP-SSRRBVR\AppData\Local\Programs\MiKTeX\tex/latex/tcol
orbox\tcolorbox.sty
Package: tcolorbox 2020/10/09 version 4.42 text color boxes

(C:\Users\keerthik.DESKTOP-SSRRBVR\AppData\Local\Programs\MiKTeX\tex/latex/pgf/
basiclayer\pgf.sty
(C:\Users\keerthik.DESKTOP-SSRRBVR\AppData\Local\Programs\MiKTeX\tex/latex/pgf/
utilities\pgfrcs.sty
(C:\Users\keerthik.DESKTOP-SSRRBVR\AppData\Local\Programs\MiKTeX\tex/generic/pg
f/utilities\pgfutil-common.tex
\pgfutil@everybye=\toks25
\pgfutil@tempdima=\dimen160
\pgfutil@tempdimb=\dimen161

(C:\Users\keerthik.DESKTOP-SSRRBVR\AppData\Local\Programs\MiKTeX\tex/generic/pg
f/utilities\pgfutil-common-lists.tex))
(C:\Users\keerthik.DESKTOP-SSRRBVR\AppData\Local\Programs\MiKTeX\tex/generic/pg
f/utilities\pgfutil-latex.def
\pgfutil@abb=\box50
)
(C:\Users\keerthik.DESKTOP-SSRRBVR\AppData\Local\Programs\MiKTeX\tex/generic/pg
f/utilities\pgfrcs.code.tex
(C:\Users\keerthik.DESKTOP-SSRRBVR\AppData\Local\Programs\MiKTeX\tex/generic/pg
f\pgf.revision.tex)
Package: pgfrcs 2020/10/01 v3.1.6a (3.1.6a)
))
Package: pgf 2020/10/01 v3.1.6a (3.1.6a)

(C:\Users\keerthik.DESKTOP-SSRRBVR\AppData\Local\Programs\MiKTeX\tex/latex/pgf/
basiclayer\pgfcore.sty
(C:\Users\keerthik.DESKTOP-SSRRBVR\AppData\Local\Programs\MiKTeX\tex/latex/pgf/
systemlayer\pgfsys.sty
(C:\Users\keerthik.DESKTOP-SSRRBVR\AppData\Local\Programs\MiKTeX\tex/generic/pg
f/systemlayer\pgfsys.code.tex
Package: pgfsys 2020/10/01 v3.1.6a (3.1.6a)

(C:\Users\keerthik.DESKTOP-SSRRBVR\AppData\Local\Programs\MiKTeX\tex/generic/pg
f/utilities\pgfkeys.code.tex
\pgfkeys@pathtoks=\toks26
\pgfkeys@temptoks=\toks27

(C:\Users\keerthik.DESKTOP-SSRRBVR\AppData\Local\Programs\MiKTeX\tex/generic/pg
f/utilities\pgfkeysfiltered.code.tex
\pgfkeys@tmptoks=\toks28
))
\pgf@x=\dimen162
\pgf@y=\dimen163
\pgf@xa=\dimen164
\pgf@ya=\dimen165
\pgf@xb=\dimen166
\pgf@yb=\dimen167
\pgf@xc=\dimen168
\pgf@yc=\dimen169
\pgf@xd=\dimen170
\pgf@yd=\dimen171
\w@pgf@writea=\write3
\r@pgf@reada=\read3
\c@pgf@counta=\count268
\c@pgf@countb=\count269
\c@pgf@countc=\count270
\c@pgf@countd=\count271
\t@pgf@toka=\toks29
\t@pgf@tokb=\toks30
\t@pgf@tokc=\toks31
\pgf@sys@id@count=\count272

(C:\Users\keerthik.DESKTOP-SSRRBVR\AppData\Local\Programs\MiKTeX\tex/generic/pg
f/systemlayer\pgf.cfg
File: pgf.cfg 2020/10/01 v3.1.6a (3.1.6a)
)
Driver file for pgf: pgfsys-pdftex.def

(C:\Users\keerthik.DESKTOP-SSRRBVR\AppData\Local\Programs\MiKTeX\tex/generic/pg
f/systemlayer\pgfsys-pdftex.def
File: pgfsys-pdftex.def 2020/10/01 v3.1.6a (3.1.6a)

(C:\Users\keerthik.DESKTOP-SSRRBVR\AppData\Local\Programs\MiKTeX\tex/generic/pg
f/systemlayer\pgfsys-common-pdf.def
File: pgfsys-common-pdf.def 2020/10/01 v3.1.6a (3.1.6a)
)))
(C:\Users\keerthik.DESKTOP-SSRRBVR\AppData\Local\Programs\MiKTeX\tex/generic/pg
f/systemlayer\pgfsyssoftpath.code.tex
File: pgfsyssoftpath.code.tex 2020/10/01 v3.1.6a (3.1.6a)
\pgfsyssoftpath@smallbuffer@items=\count273
\pgfsyssoftpath@bigbuffer@items=\count274
)
(C:\Users\keerthik.DESKTOP-SSRRBVR\AppData\Local\Programs\MiKTeX\tex/generic/pg
f/systemlayer\pgfsysprotocol.code.tex
File: pgfsysprotocol.code.tex 2020/10/01 v3.1.6a (3.1.6a)
))
(C:\Users\keerthik.DESKTOP-SSRRBVR\AppData\Local\Programs\MiKTeX\tex/latex/xcol
or\xcolor.sty
Package: xcolor 2016/05/11 v2.12 LaTeX color extensions (UK)

(C:\Users\keerthik.DESKTOP-SSRRBVR\AppData\Local\Programs\MiKTeX\tex/latex/grap
hics-cfg\color.cfg
File: color.cfg 2016/01/02 v1.6 sample color configuration
)
Package xcolor Info: Driver file: pdftex.def on input line 225.
Package xcolor Info: Model `cmy' substituted by `cmy0' on input line 1348.
Package xcolor Info: Model `hsb' substituted by `rgb' on input line 1352.
Package xcolor Info: Model `RGB' extended on input line 1364.
Package xcolor Info: Model `HTML' substituted by `rgb' on input line 1366.
Package xcolor Info: Model `Hsb' substituted by `hsb' on input line 1367.
Package xcolor Info: Model `tHsb' substituted by `hsb' on input line 1368.
Package xcolor Info: Model `HSB' substituted by `hsb' on input line 1369.
Package xcolor Info: Model `Gray' substituted by `gray' on input line 1370.
Package xcolor Info: Model `wave' substituted by `hsb' on input line 1371.
)
(C:\Users\keerthik.DESKTOP-SSRRBVR\AppData\Local\Programs\MiKTeX\tex/generic/pg
f/basiclayer\pgfcore.code.tex
Package: pgfcore 2020/10/01 v3.1.6a (3.1.6a)

(C:\Users\keerthik.DESKTOP-SSRRBVR\AppData\Local\Programs\MiKTeX\tex/generic/pg
f/math\pgfmath.code.tex
(C:\Users\keerthik.DESKTOP-SSRRBVR\AppData\Local\Programs\MiKTeX\tex/generic/pg
f/math\pgfmathcalc.code.tex
(C:\Users\keerthik.DESKTOP-SSRRBVR\AppData\Local\Programs\MiKTeX\tex/generic/pg
f/math\pgfmathutil.code.tex)
(C:\Users\keerthik.DESKTOP-SSRRBVR\AppData\Local\Programs\MiKTeX\tex/generic/pg
f/math\pgfmathparser.code.tex
\pgfmath@dimen=\dimen172
\pgfmath@count=\count275
\pgfmath@box=\box51
\pgfmath@toks=\toks32
\pgfmath@stack@operand=\toks33
\pgfmath@stack@operation=\toks34
)
(C:\Users\keerthik.DESKTOP-SSRRBVR\AppData\Local\Programs\MiKTeX\tex/generic/pg
f/math\pgfmathfunctions.code.tex
(C:\Users\keerthik.DESKTOP-SSRRBVR\AppData\Local\Programs\MiKTeX\tex/generic/pg
f/math\pgfmathfunctions.basic.code.tex)
(C:\Users\keerthik.DESKTOP-SSRRBVR\AppData\Local\Programs\MiKTeX\tex/generic/pg
f/math\pgfmathfunctions.trigonometric.code.tex)
(C:\Users\keerthik.DESKTOP-SSRRBVR\AppData\Local\Programs\MiKTeX\tex/generic/pg
f/math\pgfmathfunctions.random.code.tex)
(C:\Users\keerthik.DESKTOP-SSRRBVR\AppData\Local\Programs\MiKTeX\tex/generic/pg
f/math\pgfmathfunctions.comparison.code.tex)
(C:\Users\keerthik.DESKTOP-SSRRBVR\AppData\Local\Programs\MiKTeX\tex/generic/pg
f/math\pgfmathfunctions.base.code.tex)
(C:\Users\keerthik.DESKTOP-SSRRBVR\AppData\Local\Programs\MiKTeX\tex/generic/pg
f/math\pgfmathfunctions.round.code.tex)
(C:\Users\keerthik.DESKTOP-SSRRBVR\AppData\Local\Programs\MiKTeX\tex/generic/pg
f/math\pgfmathfunctions.misc.code.tex)
(C:\Users\keerthik.DESKTOP-SSRRBVR\AppData\Local\Programs\MiKTeX\tex/generic/pg
f/math\pgfmathfunctions.integerarithmetics.code.tex)))
(C:\Users\keerthik.DESKTOP-SSRRBVR\AppData\Local\Programs\MiKTeX\tex/generic/pg
f/math\pgfmathfloat.code.tex
\c@pgfmathroundto@lastzeros=\count276
))
(C:\Users\keerthik.DESKTOP-SSRRBVR\AppData\Local\Programs\MiKTeX\tex/generic/pg
f/math\pgfint.code.tex)
(C:\Users\keerthik.DESKTOP-SSRRBVR\AppData\Local\Programs\MiKTeX\tex/generic/pg
f/basiclayer\pgfcorepoints.code.tex
File: pgfcorepoints.code.tex 2020/10/01 v3.1.6a (3.1.6a)
\pgf@picminx=\dimen173
\pgf@picmaxx=\dimen174
\pgf@picminy=\dimen175
\pgf@picmaxy=\dimen176
\pgf@pathminx=\dimen177
\pgf@pathmaxx=\dimen178
\pgf@pathminy=\dimen179
\pgf@pathmaxy=\dimen180
\pgf@xx=\dimen181
\pgf@xy=\dimen182
\pgf@yx=\dimen183
\pgf@yy=\dimen184
\pgf@zx=\dimen185
\pgf@zy=\dimen186
)
(C:\Users\keerthik.DESKTOP-SSRRBVR\AppData\Local\Programs\MiKTeX\tex/generic/pg
f/basiclayer\pgfcorepathconstruct.code.tex
File: pgfcorepathconstruct.code.tex 2020/10/01 v3.1.6a (3.1.6a)
\pgf@path@lastx=\dimen187
\pgf@path@lasty=\dimen188
)
(C:\Users\keerthik.DESKTOP-SSRRBVR\AppData\Local\Programs\MiKTeX\tex/generic/pg
f/basiclayer\pgfcorepathusage.code.tex
File: pgfcorepathusage.code.tex 2020/10/01 v3.1.6a (3.1.6a)
\pgf@shorten@end@additional=\dimen189
\pgf@shorten@start@additional=\dimen190
)
(C:\Users\keerthik.DESKTOP-SSRRBVR\AppData\Local\Programs\MiKTeX\tex/generic/pg
f/basiclayer\pgfcorescopes.code.tex
File: pgfcorescopes.code.tex 2020/10/01 v3.1.6a (3.1.6a)
\pgfpic=\box52
\pgf@hbox=\box53
\pgf@layerbox@main=\box54
\pgf@picture@serial@count=\count277
)
(C:\Users\keerthik.DESKTOP-SSRRBVR\AppData\Local\Programs\MiKTeX\tex/generic/pg
f/basiclayer\pgfcoregraphicstate.code.tex
File: pgfcoregraphicstate.code.tex 2020/10/01 v3.1.6a (3.1.6a)
\pgflinewidth=\dimen191
)
(C:\Users\keerthik.DESKTOP-SSRRBVR\AppData\Local\Programs\MiKTeX\tex/generic/pg
f/basiclayer\pgfcoretransformations.code.tex
File: pgfcoretransformations.code.tex 2020/10/01 v3.1.6a (3.1.6a)
\pgf@pt@x=\dimen192
\pgf@pt@y=\dimen193
\pgf@pt@temp=\dimen194
)
(C:\Users\keerthik.DESKTOP-SSRRBVR\AppData\Local\Programs\MiKTeX\tex/generic/pg
f/basiclayer\pgfcorequick.code.tex
File: pgfcorequick.code.tex 2020/10/01 v3.1.6a (3.1.6a)
)
(C:\Users\keerthik.DESKTOP-SSRRBVR\AppData\Local\Programs\MiKTeX\tex/generic/pg
f/basiclayer\pgfcoreobjects.code.tex
File: pgfcoreobjects.code.tex 2020/10/01 v3.1.6a (3.1.6a)
)
(C:\Users\keerthik.DESKTOP-SSRRBVR\AppData\Local\Programs\MiKTeX\tex/generic/pg
f/basiclayer\pgfcorepathprocessing.code.tex
File: pgfcorepathprocessing.code.tex 2020/10/01 v3.1.6a (3.1.6a)
)
(C:\Users\keerthik.DESKTOP-SSRRBVR\AppData\Local\Programs\MiKTeX\tex/generic/pg
f/basiclayer\pgfcorearrows.code.tex
File: pgfcorearrows.code.tex 2020/10/01 v3.1.6a (3.1.6a)
\pgfarrowsep=\dimen195
)
(C:\Users\keerthik.DESKTOP-SSRRBVR\AppData\Local\Programs\MiKTeX\tex/generic/pg
f/basiclayer\pgfcoreshade.code.tex
File: pgfcoreshade.code.tex 2020/10/01 v3.1.6a (3.1.6a)
\pgf@max=\dimen196
\pgf@sys@shading@range@num=\count278
\pgf@shadingcount=\count279
)
(C:\Users\keerthik.DESKTOP-SSRRBVR\AppData\Local\Programs\MiKTeX\tex/generic/pg
f/basiclayer\pgfcoreimage.code.tex
File: pgfcoreimage.code.tex 2020/10/01 v3.1.6a (3.1.6a)

(C:\Users\keerthik.DESKTOP-SSRRBVR\AppData\Local\Programs\MiKTeX\tex/generic/pg
f/basiclayer\pgfcoreexternal.code.tex
File: pgfcoreexternal.code.tex 2020/10/01 v3.1.6a (3.1.6a)
\pgfexternal@startupbox=\box55
))
(C:\Users\keerthik.DESKTOP-SSRRBVR\AppData\Local\Programs\MiKTeX\tex/generic/pg
f/basiclayer\pgfcorelayers.code.tex
File: pgfcorelayers.code.tex 2020/10/01 v3.1.6a (3.1.6a)
)
(C:\Users\keerthik.DESKTOP-SSRRBVR\AppData\Local\Programs\MiKTeX\tex/generic/pg
f/basiclayer\pgfcoretransparency.code.tex
File: pgfcoretransparency.code.tex 2020/10/01 v3.1.6a (3.1.6a)
)
(C:\Users\keerthik.DESKTOP-SSRRBVR\AppData\Local\Programs\MiKTeX\tex/generic/pg
f/basiclayer\pgfcorepatterns.code.tex
File: pgfcorepatterns.code.tex 2020/10/01 v3.1.6a (3.1.6a)
)
(C:\Users\keerthik.DESKTOP-SSRRBVR\AppData\Local\Programs\MiKTeX\tex/generic/pg
f/basiclayer\pgfcorerdf.code.tex
File: pgfcorerdf.code.tex 2020/10/01 v3.1.6a (3.1.6a)
)))
(C:\Users\keerthik.DESKTOP-SSRRBVR\AppData\Local\Programs\MiKTeX\tex/generic/pg
f/modules\pgfmoduleshapes.code.tex
File: pgfmoduleshapes.code.tex 2020/10/01 v3.1.6a (3.1.6a)
\pgfnodeparttextbox=\box56
)
(C:\Users\keerthik.DESKTOP-SSRRBVR\AppData\Local\Programs\MiKTeX\tex/generic/pg
f/modules\pgfmoduleplot.code.tex
File: pgfmoduleplot.code.tex 2020/10/01 v3.1.6a (3.1.6a)
)
(C:\Users\keerthik.DESKTOP-SSRRBVR\AppData\Local\Programs\MiKTeX\tex/latex/pgf/
compatibility\pgfcomp-version-0-65.sty
Package: pgfcomp-version-0-65 2020/10/01 v3.1.6a (3.1.6a)
\pgf@nodesepstart=\dimen197
\pgf@nodesepend=\dimen198
)
(C:\Users\keerthik.DESKTOP-SSRRBVR\AppData\Local\Programs\MiKTeX\tex/latex/pgf/
compatibility\pgfcomp-version-1-18.sty
Package: pgfcomp-version-1-18 2020/10/01 v3.1.6a (3.1.6a)
))
(C:\Users\keerthik.DESKTOP-SSRRBVR\AppData\Local\Programs\MiKTeX\tex/latex/tool
s\verbatim.sty
Package: verbatim 2019/11/10 v1.5r LaTeX2e package for verbatim enhancements
\every@verbatim=\toks35
\verbatim@line=\toks36
\verbatim@in@stream=\read4
)
(C:\Users\keerthik.DESKTOP-SSRRBVR\AppData\Local\Programs\MiKTeX\tex/latex/envi
ron\environ.sty
Package: environ 2014/05/04 v0.3 A new way to define environments

(C:\Users\keerthik.DESKTOP-SSRRBVR\AppData\Local\Programs\MiKTeX\tex/latex/trim
spaces\trimspaces.sty
Package: trimspaces 2009/09/17 v1.1 Trim spaces around a token list
))
(C:\Users\keerthik.DESKTOP-SSRRBVR\AppData\Local\Programs\MiKTeX\tex/latex/etoo
lbox\etoolbox.sty
Package: etoolbox 2020/10/05 v2.5k e-TeX tools for LaTeX (JAW)
\etb@tempcnta=\count280
)
\tcb@titlebox=\box57
\tcb@upperbox=\box58
\tcb@lowerbox=\box59
\tcb@phantombox=\box60
\c@tcbbreakpart=\count281
\c@tcblayer=\count282
\c@tcolorbox@number=\count283
\tcb@temp=\box61
\tcb@temp=\box62
\tcb@temp=\box63
\tcb@temp=\box64
\tcb@out=\write4
\tcb@record@out=\write5
)
(C:\Users\keerthik.DESKTOP-SSRRBVR\AppData\Local\Programs\MiKTeX\tex/latex/l3ba
ckend\l3backend-pdftex.def
File: l3backend-pdftex.def 2020-09-24 L3 backend support: PDF output (pdfTeX)
\l__kernel_color_stack_int=\count284
\l__pdf_internal_box=\box65
)
No file Week10.aux.
\openout1 = `Week10.aux'.

LaTeX Font Info:    Checking defaults for OML/cmm/m/it on input line 21.
LaTeX Font Info:    ... okay on input line 21.
LaTeX Font Info:    Checking defaults for OMS/cmsy/m/n on input line 21.
LaTeX Font Info:    ... okay on input line 21.
LaTeX Font Info:    Checking defaults for OT1/cmr/m/n on input line 21.
LaTeX Font Info:    ... okay on input line 21.
LaTeX Font Info:    Checking defaults for T1/cmr/m/n on input line 21.
LaTeX Font Info:    ... okay on input line 21.
LaTeX Font Info:    Checking defaults for TS1/cmr/m/n on input line 21.
LaTeX Font Info:    ... okay on input line 21.
LaTeX Font Info:    Checking defaults for OMX/cmex/m/n on input line 21.
LaTeX Font Info:    ... okay on input line 21.
LaTeX Font Info:    Checking defaults for U/cmr/m/n on input line 21.
LaTeX Font Info:    ... okay on input line 21.
*geometry* driver: auto-detecting
*geometry* detected driver: pdftex
*geometry* verbose mode - [ preamble ] result:
* driver: pdftex
* paper: letterpaper
* layout: <same size as paper>
* layoutoffset:(h,v)=(0.0pt,0.0pt)
* modes: 
* h-part:(L,W,R)=(72.26999pt, 469.75502pt, 72.26999pt)
* v-part:(T,H,B)=(72.26999pt, 650.43001pt, 72.26999pt)
* \paperwidth=614.295pt
* \paperheight=794.96999pt
* \textwidth=469.75502pt
* \textheight=650.43001pt
* \oddsidemargin=0.0pt
* \evensidemargin=0.0pt
* \topmargin=-37.0pt
* \headheight=12.0pt
* \headsep=25.0pt
* \topskip=10.0pt
* \footskip=30.0pt
* \marginparwidth=65.0pt
* \marginparsep=11.0pt
* \columnsep=10.0pt
* \skip\footins=9.0pt plus 4.0pt minus 2.0pt
* \hoffset=0.0pt
* \voffset=0.0pt
* \mag=1000
* \@twocolumnfalse
* \@twosidefalse
* \@mparswitchfalse
* \@reversemarginfalse
* (1in=72.27pt=25.4mm, 1cm=28.453pt)


(C:\Users\keerthik.DESKTOP-SSRRBVR\AppData\Local\Programs\MiKTeX\tex/context/ba
se/mkii\supp-pdf.mkii
[Loading MPS to PDF converter (version 2006.09.02).]
\scratchcounter=\count285
\scratchdimen=\dimen199
\scratchbox=\box66
\nofMPsegments=\count286
\nofMParguments=\count287
\everyMPshowfont=\toks37
\MPscratchCnt=\count288
\MPscratchDim=\dimen256
\MPnumerator=\count289
\makeMPintoPDFobject=\count290
\everyMPtoPDFconversion=\toks38
)
(C:\Users\keerthik.DESKTOP-SSRRBVR\AppData\Local\Programs\MiKTeX\tex/latex/epst
opdf-pkg\epstopdf-base.sty
Package: epstopdf-base 2020-01-24 v2.11 Base part for package epstopdf
Package epstopdf-base Info: Redefining graphics rule for `.eps' on input line 4
85.
)
<images//graph2.png, id=4, 265.74281pt x 158.84344pt>
File: images//graph2.png Graphic file (type png)
<use images//graph2.png>
Package pdftex.def Info: images//graph2.png  used on input line 34.
(pdftex.def)             Requested size: 132.87108pt x 79.42152pt.

Underfull \hbox (badness 10000) in paragraph at lines 26--40

 []


Underfull \hbox (badness 10000) in paragraph at lines 53--57

 []

[1{C:/Users/keerthik.DESKTOP-SSRRBVR/AppData/Local/MiKTeX/pdftex/config/pdftex.
map}

 <./images//graph2.png>]
Underfull \hbox (badness 10000) in paragraph at lines 70--73

 []

<images//graph4.png, id=17, 398.99063pt x 585.68813pt>
File: images//graph4.png Graphic file (type png)
<use images//graph4.png>
Package pdftex.def Info: images//graph4.png  used on input line 83.
(pdftex.def)             Requested size: 99.7474pt x 146.42166pt.

Underfull \hbox (badness 10000) in paragraph at lines 76--85

 []

[2 <./images//graph4.png>]
<images//graph3.png, id=22, 593.96906pt x 566.115pt>
File: images//graph3.png Graphic file (type png)
<use images//graph3.png>
Package pdftex.def Info: images//graph3.png  used on input line 107.
(pdftex.def)             Requested size: 178.1921pt x 169.8358pt.
 [3 <./images//graph3.png>] (Week10.aux) ) 
Here is how much of TeX's memory you used:
 13530 strings out of 479799
 270656 string characters out of 2860697
 550923 words of memory out of 3000000
 30311 multiletter control sequences out of 15000+200000
 536196 words of font info for 33 fonts, out of 3000000 for 9000
 1141 hyphenation exceptions out of 8191
 84i,12n,96p,520b,586s stack positions out of 5000i,500n,10000p,200000b,50000s
<C:/Users/keerthik.DESKTOP-SSRRBVR/Ap
pData/Local/Programs/MiKTeX/fonts/type1/public/amsfonts/cm/cmbx10.pfb><C:/Users
/keerthik.DESKTOP-SSRRBVR/AppData/Local/Programs/MiKTeX/fonts/type1/public/amsf
onts/cm/cmex10.pfb><C:/Users/keerthik.DESKTOP-SSRRBVR/AppData/Local/Programs/Mi
KTeX/fonts/type1/public/amsfonts/cm/cmmi10.pfb><C:/Users/keerthik.DESKTOP-SSRRB
VR/AppData/Local/Programs/MiKTeX/fonts/type1/public/amsfonts/cm/cmr10.pfb><C:/U
sers/keerthik.DESKTOP-SSRRBVR/AppData/Local/Programs/MiKTeX/fonts/type1/public/
amsfonts/cm/cmr7.pfb><C:/Users/keerthik.DESKTOP-SSRRBVR/AppData/Local/Programs/
MiKTeX/fonts/type1/public/amsfonts/cm/cmsy10.pfb><C:/Users/keerthik.DESKTOP-SSR
RBVR/AppData/Local/Programs/MiKTeX/fonts/type1/public/amsfonts/cm/cmsy7.pfb><C:
/Users/keerthik.DESKTOP-SSRRBVR/AppData/Local/Programs/MiKTeX/fonts/type1/publi
c/amsfonts/cm/cmti10.pfb>
Output written on Week10.pdf (3 pages, 142463 bytes).
PDF statistics:
 54 PDF objects out of 1000 (max. 8388607)
 0 named destinations out of 1000 (max. 500000)
 28 words of extra memory for PDF output out of 10000 (max. 10000000)

